  game.cpp
C:\Users\Anonymous\source\repos\lab_11\lab_11\game.cpp(16,32): warning C4305: инициализация: усечение из "double" в "float"
C:\Users\Anonymous\source\repos\lab_11\lab_11\game.cpp(120,98): warning C4244: аргумент: преобразование "T" в "T", возможна потеря данных
          with
          [
              T=unsigned int
          ]
          and
          [
              T=float
          ]
  main.cpp
C:\Users\Anonymous\source\repos\lab_11\lab_11\main.cpp(17,58): warning C4244: аргумент: преобразование "T" в "float", возможна потеря данных
          with
          [
              T=unsigned int
          ]
C:\Users\Anonymous\source\repos\lab_11\lab_11\main.cpp(17,37): warning C4244: аргумент: преобразование "T" в "float", возможна потеря данных
          with
          [
              T=unsigned int
          ]
C:\Users\Anonymous\source\repos\lab_11\lab_11\main.cpp(24,33): warning C4305: инициализация: усечение из "double" в "float"
  Создание кода
  0 of 90 functions ( 0.0%) were compiled, the rest were copied from previous compilation.
    0 functions were new in current compilation
    0 functions had inline decision re-evaluated but remain unchanged
  Создание кода завершено
  lab_11.vcxproj -> C:\Users\Anonymous\source\repos\lab_11\Release\lab_11.exe
